Watching for file changes with StatReloader
Performing system checks...

System check identified some issues:

WARNINGS:
todos.Todo: (models.W042) Auto-created primary key used when not defining a primary key type, by default 'django.db.models.AutoField'.
	HINT: Configure the DEFAULT_AUTO_FIELD setting or the TodosConfig.default_auto_field attribute to point to a subclass of AutoField, e.g. 'django.db.models.BigAutoField'.

System check identified 1 issue (0 silenced).
August 22, 2022 - 20:46:36
Django version 4.1, using settings 'todoApp.settings'
Starting development server at http://0.0.0.0:8000/
Quit the server with CONTROL-C.
[22/Aug/2022 20:48:38] "GET /todos/ HTTP/1.1" 200 3515
[22/Aug/2022 20:48:39] "GET /static/css/style.css HTTP/1.1" 304 0
[22/Aug/2022 20:48:44] "GET /todos/ HTTP/1.1" 200 3515
[22/Aug/2022 20:53:52] "GET / HTTP/1.1" 302 0
[22/Aug/2022 20:53:52] "GET /todos HTTP/1.1" 301 0
[22/Aug/2022 20:53:53] "GET /todos/ HTTP/1.1" 200 3515
[22/Aug/2022 20:53:53] "GET /static/css/style.css HTTP/1.1" 304 0
Not Found: /favicon.ico
[22/Aug/2022 20:54:24] "GET /favicon.ico HTTP/1.1" 404 2575
[22/Aug/2022 20:57:06] "GET /todos/ HTTP/1.1" 200 3515
[22/Aug/2022 20:57:06] "GET /static/css/style.css HTTP/1.1" 304 0
[22/Aug/2022 20:57:39] "GET / HTTP/1.1" 302 0
[22/Aug/2022 20:57:39] "GET /todos HTTP/1.1" 301 0
[22/Aug/2022 20:57:39] "GET /todos/ HTTP/1.1" 200 3515
[22/Aug/2022 20:59:39] "GET /todos/ HTTP/1.1" 200 3515
[22/Aug/2022 21:00:25] "GET / HTTP/1.1" 302 0
[22/Aug/2022 21:00:26] "GET /todos/ HTTP/1.1" 200 3515
[22/Aug/2022 21:00:26] "GET /static/css/style.css HTTP/1.1" 304 0
